2018-10-18 15:47:59,298 - BrowserEngine - INFO - You had select Chrome browser.
2018-10-18 15:47:59,301 - BrowserEngine - INFO - The test server url is: http://newadmin.dev.cloudh.net.cn/#/login
2018-10-18 15:48:04,293 - BrowserEngine - INFO - Starting Chrome browser
2018-10-18 15:48:05,425 - BrowserEngine - INFO - Maximize the current window
2018-10-18 15:48:08,207 - BrowserEngine - INFO - Open url:http://newadmin.dev.cloudh.net.cn/#/login
2018-10-18 15:48:08,210 - BrowserEngine - INFO - Set implicitily wait 10 seconds.
2018-10-18 15:48:09,273 - BasePage - INFO - Had find the element [  ] successful by xpath via value: .//*[@id='app']/div/div/div[2]/div/div[2]/div/form/div[1]/div/div/input 
2018-10-18 15:48:09,491 - BasePage - INFO - 输入内容：Had type [ adminer ] in inputBox
2018-10-18 15:48:09,558 - BasePage - INFO - Had find the element [  ] successful by xpath via value: .//*[@id='app']/div/div/div[2]/div/div[2]/div/form/div[2]/div/div/input 
2018-10-18 15:48:09,746 - BasePage - INFO - 输入内容：Had type [ 123456 ] in inputBox
2018-10-18 15:48:09,819 - BasePage - INFO - Had find the element [ 登录 ] successful by xpath via value: .//*[@id='app']/div/div/div[2]/div/div[2]/div/button 
2018-10-18 15:48:10,530 - BasePage - INFO - Had find the element [ 系统设置 ] successful by xpath via value: .//*[@id='app']/div/div/div[1]/ul/li[2]/div/span 
2018-10-18 15:48:10,823 - BasePage - INFO - Had find the element [  ] successful by xpath via value: .//*[@id='app']/div/div/div[1]/ul/li[2]/ul/li[8]/span 
2018-10-18 15:48:12,068 - BasePage - INFO - Had find the element [  ] successful by xpath via value: .//*[@id='app']/div/div/div[2]/div[2]/div/div[2]/form/div[1]/div[1]/div/div/input 
2018-10-18 15:48:12,306 - BasePage - INFO - Had find the element [  ] successful by xpath via value: .//*[@id='app']/div/div/div[2]/div[2]/div/div[2]/form/div[1]/div[1]/div/div/input 
2018-10-18 15:48:12,532 - BasePage - INFO - 输入内容：Had type [ 营销 ] in inputBox
2018-10-18 15:48:12,593 - BasePage - INFO - Had find the element [ 搜索查询 ] successful by xpath via value: .//*[@id='app']/div/div/div[2]/div[2]/div/div[1]/button 
2018-10-18 15:48:12,786 - BasePage - INFO - Had find the element [ 开发q ] successful by xpath via value: .//*[@id='app']/div/div/div[2]/div[2]/div/div[4]/div[1]/div[3]/table/tbody/tr[1]/td[2] 
2018-10-18 15:48:16,358 - BrowserEngine - INFO - You had select Chrome browser.
2018-10-18 15:48:16,359 - BrowserEngine - INFO - The test server url is: http://newadmin.dev.cloudh.net.cn/#/login
2018-10-18 15:48:21,369 - BrowserEngine - INFO - Starting Chrome browser
2018-10-18 15:48:22,501 - BrowserEngine - INFO - Maximize the current window
2018-10-18 15:48:28,034 - BrowserEngine - INFO - Open url:http://newadmin.dev.cloudh.net.cn/#/login
2018-10-18 15:48:28,042 - BrowserEngine - INFO - Set implicitily wait 10 seconds.
2018-10-18 15:48:29,123 - BasePage - INFO - Had find the element [  ] successful by xpath via value: .//*[@id='app']/div/div/div[2]/div/div[2]/div/form/div[1]/div/div/input 
2018-10-18 15:48:29,325 - BasePage - INFO - 输入内容：Had type [ adminer ] in inputBox
2018-10-18 15:48:29,377 - BasePage - INFO - Had find the element [  ] successful by xpath via value: .//*[@id='app']/div/div/div[2]/div/div[2]/div/form/div[2]/div/div/input 
2018-10-18 15:48:29,612 - BasePage - INFO - 输入内容：Had type [ 123456 ] in inputBox
2018-10-18 15:48:29,680 - BasePage - INFO - Had find the element [ 登录 ] successful by xpath via value: .//*[@id='app']/div/div/div[2]/div/div[2]/div/button 
2018-10-18 15:48:30,381 - BasePage - INFO - Had find the element [ 系统设置 ] successful by xpath via value: .//*[@id='app']/div/div/div[1]/ul/li[2]/div/span 
2018-10-18 15:48:30,585 - BasePage - INFO - Had find the element [  ] successful by xpath via value: .//*[@id='app']/div/div/div[1]/ul/li[2]/ul/li[8]/span 
2018-10-18 15:48:31,901 - BasePage - INFO - Had find the element [  ] successful by xpath via value: .//*[@id='app']/div/div/div[2]/div[2]/div/div[2]/form/div[1]/div[1]/div/div/input 
2018-10-18 15:48:32,088 - BasePage - INFO - Had find the element [  ] successful by xpath via value: .//*[@id='app']/div/div/div[2]/div[2]/div/div[2]/form/div[1]/div[1]/div/div/input 
2018-10-18 15:48:32,273 - BasePage - INFO - 输入内容：Had type [ 部 ] in inputBox
2018-10-18 15:48:32,333 - BasePage - INFO - Had find the element [ 搜索查询 ] successful by xpath via value: .//*[@id='app']/div/div/div[2]/div[2]/div/div[1]/button 
2018-10-18 15:48:32,501 - BasePage - INFO - Had find the element [ 开发q ] successful by xpath via value: .//*[@id='app']/div/div/div[2]/div[2]/div/div[4]/div[1]/div[3]/table/tbody/tr[1]/td[2] 
2018-10-18 15:48:32,649 - BasePage - INFO - Had find the element [ 这是部门 ] successful by xpath via value: .//*[@id='app']/div/div/div[2]/div[2]/div/div[4]/div[1]/div[3]/table/tbody/tr[1]/td[2] 
2018-10-18 15:48:38,788 - BrowserEngine - INFO - You had select Chrome browser.
2018-10-18 15:48:38,788 - BrowserEngine - INFO - The test server url is: http://newadmin.dev.cloudh.net.cn/#/login
2018-10-18 15:48:44,599 - BrowserEngine - INFO - Starting Chrome browser
2018-10-18 15:48:45,726 - BrowserEngine - INFO - Maximize the current window
2018-10-18 15:48:49,206 - BrowserEngine - INFO - Open url:http://newadmin.dev.cloudh.net.cn/#/login
2018-10-18 15:48:49,210 - BrowserEngine - INFO - Set implicitily wait 10 seconds.
2018-10-18 15:48:50,276 - BasePage - INFO - Had find the element [  ] successful by xpath via value: .//*[@id='app']/div/div/div[2]/div/div[2]/div/form/div[1]/div/div/input 
2018-10-18 15:48:50,480 - BasePage - INFO - 输入内容：Had type [ adminer ] in inputBox
2018-10-18 15:48:50,531 - BasePage - INFO - Had find the element [  ] successful by xpath via value: .//*[@id='app']/div/div/div[2]/div/div[2]/div/form/div[2]/div/div/input 
2018-10-18 15:48:50,702 - BasePage - INFO - 输入内容：Had type [ 123456 ] in inputBox
2018-10-18 15:48:50,800 - BasePage - INFO - Had find the element [ 登录 ] successful by xpath via value: .//*[@id='app']/div/div/div[2]/div/div[2]/div/button 
2018-10-18 15:48:51,658 - BasePage - INFO - Had find the element [ 系统设置 ] successful by xpath via value: .//*[@id='app']/div/div/div[1]/ul/li[2]/div/span 
2018-10-18 15:48:52,163 - BasePage - INFO - Had find the element [  ] successful by xpath via value: .//*[@id='app']/div/div/div[1]/ul/li[2]/ul/li[8]/span 
2018-10-18 15:48:53,586 - BasePage - INFO - Had find the element [  ] successful by xpath via value: .//*[@id='app']/div/div/div[2]/div[2]/div/div[2]/form/div[1]/div[1]/div/div/input 
2018-10-18 15:48:57,210 - BrowserEngine - INFO - You had select Chrome browser.
2018-10-18 15:48:57,211 - BrowserEngine - INFO - The test server url is: http://newadmin.dev.cloudh.net.cn/#/login
2018-10-18 15:49:02,229 - BrowserEngine - INFO - Starting Chrome browser
2018-10-18 15:49:03,354 - BrowserEngine - INFO - Maximize the current window
2018-10-18 15:49:06,931 - BrowserEngine - INFO - Open url:http://newadmin.dev.cloudh.net.cn/#/login
2018-10-18 15:49:06,938 - BrowserEngine - INFO - Set implicitily wait 10 seconds.
2018-10-18 15:49:08,002 - BasePage - INFO - Had find the element [  ] successful by xpath via value: .//*[@id='app']/div/div/div[2]/div/div[2]/div/form/div[1]/div/div/input 
2018-10-18 15:49:08,185 - BasePage - INFO - 输入内容：Had type [ adminer ] in inputBox
2018-10-18 15:49:08,242 - BasePage - INFO - Had find the element [  ] successful by xpath via value: .//*[@id='app']/div/div/div[2]/div/div[2]/div/form/div[2]/div/div/input 
2018-10-18 15:49:08,444 - BasePage - INFO - 输入内容：Had type [ 123456 ] in inputBox
2018-10-18 15:49:08,509 - BasePage - INFO - Had find the element [ 登录 ] successful by xpath via value: .//*[@id='app']/div/div/div[2]/div/div[2]/div/button 
2018-10-18 15:49:09,455 - BasePage - INFO - Had find the element [ 系统设置 ] successful by xpath via value: .//*[@id='app']/div/div/div[1]/ul/li[2]/div/span 
2018-10-18 15:49:09,998 - BasePage - INFO - Had find the element [  ] successful by xpath via value: .//*[@id='app']/div/div/div[1]/ul/li[2]/ul/li[8]/span 
2018-10-18 15:49:11,096 - BasePage - INFO - Had find the element [  ] successful by xpath via value: .//*[@id='app']/div/div/div[2]/div[2]/div/div[2]/form/div[1]/div[1]/div/div/input 
2018-10-18 15:49:11,603 - BasePage - INFO - Had find the element [  ] successful by xpath via value: .//*[@id='app']/div/div/div[2]/div[2]/div/div[2]/form/div[1]/div[1]/div/div/input 
2018-10-18 15:49:11,879 - BasePage - INFO - 输入内容：Had type [ 产品 ] in inputBox
2018-10-18 15:49:11,949 - BasePage - INFO - Had find the element [ 搜索查询 ] successful by xpath via value: .//*[@id='app']/div/div/div[2]/div[2]/div/div[1]/button 
2018-10-18 15:49:12,177 - BasePage - INFO - Had find the element [ 开发q ] successful by xpath via value: .//*[@id='app']/div/div/div[2]/div[2]/div/div[4]/div[1]/div[3]/table/tbody/tr[1]/td[2] 
2018-10-18 15:49:12,325 - BasePage - INFO - Had find the element [ 产品 ] successful by xpath via value: .//*[@id='app']/div/div/div[2]/div[2]/div/div[4]/div[1]/div[3]/table/tbody/tr[1]/td[2] 
