2018-10-19 14:26:06,241 - BrowserEngine - INFO - You had select Chrome browser.
2018-10-19 14:26:06,242 - BrowserEngine - INFO - The test server url is: http://newadmin.dev.cloudh.net.cn/#/login
2018-10-19 14:26:11,632 - BrowserEngine - INFO - Starting Chrome browser
2018-10-19 14:26:12,771 - BrowserEngine - INFO - Maximize the current window
2018-10-19 14:26:27,525 - BrowserEngine - INFO - Open url:http://newadmin.dev.cloudh.net.cn/#/login
2018-10-19 14:26:27,528 - BrowserEngine - INFO - Set implicitily wait 10 seconds.
2018-10-19 14:26:27,632 - BasePage - INFO - Had find the element [  ] successful by xpath via value: .//*[@id='app']/div/div/div[2]/div/div[2]/div/form/div[1]/div/div/input 
2018-10-19 14:26:27,940 - BasePage - INFO - 输入内容：Had type [ adminer ] in inputBox
2018-10-19 14:26:27,995 - BasePage - INFO - Had find the element [  ] successful by xpath via value: .//*[@id='app']/div/div/div[2]/div/div[2]/div/form/div[2]/div/div/input 
2018-10-19 14:26:28,185 - BasePage - INFO - 输入内容：Had type [ 123456 ] in inputBox
2018-10-19 14:26:28,244 - BasePage - INFO - Had find the element [ 登录 ] successful by xpath via value: .//*[@id='app']/div/div/div[2]/div/div[2]/div/button 
2018-10-19 14:26:30,500 - BasePage - INFO - Had find the element [ adminer ] successful by xpath via value: .//*[@id='app']/div/header/div[2]/span/div[2]/span 
2018-10-19 14:26:30,580 - BasePage - INFO - Had find the element [ 系统设置 ] successful by xpath via value: .//*[@id='app']/div/div/div[1]/ul/li[2]/div/span 
2018-10-19 14:26:30,791 - BasePage - INFO - Had find the element [  ] successful by xpath via value: .//*[@id='app']/div/div/div[1]/ul/li[2]/ul/li[6]/span 
2018-10-19 14:26:31,529 - BasePage - INFO - Had find the element [ 新增 ] successful by xpath via value: .//*[@id='app']/div/div/div[2]/div[2]/div/div[3]/button 
2018-10-19 14:26:32,086 - BasePage - INFO - Had find the element [  ] successful by xpath via value: .//*[@id='app']/div/div/div[2]/div[2]/div/div[5]/div/div[2]/form/div[1]/div/div/div/input 
2018-10-19 14:26:35,287 - BasePage - INFO - Sleep for 3 seconds
2018-10-19 14:26:45,340 - BasePage - ERROR - NoSuchElementException:Message: no such element: Unable to locate element: {"method":"xpath","selector":"html/body/div[3]/div[1]/div[1]/ul/li[1]"}
  (Session info: chrome=69.0.3497.100)
  (Driver info: chromedriver=2.36.540470 (e522d04694c7ebea4ba8821272dbef4f9b818c91),platform=Windows NT 10.0.16299 x86_64)

2018-10-19 14:26:46,138 - BasePage - INFO - 截图：Had take a screenshot and save to folder：/screenshots/
