2018-10-17 10:12:06,187 - BrowserEngine - INFO - You had select Chrome browser.
2018-10-17 10:12:06,187 - BrowserEngine - INFO - The test server url is: http://newadmin.dev.cloudh.net.cn/#/login
2018-10-17 10:12:11,146 - BrowserEngine - INFO - Starting Chrome browser
2018-10-17 10:12:12,282 - BrowserEngine - INFO - Maximize the current window
2018-10-17 10:12:15,948 - BrowserEngine - INFO - Open url:http://newadmin.dev.cloudh.net.cn/#/login
2018-10-17 10:12:15,953 - BrowserEngine - INFO - Set implicitily wait 10 seconds.
2018-10-17 10:12:16,998 - BasePage - INFO - Had find the element [  ] successful by xpath via value: .//*[@id='app']/div/div/div[2]/div/div[2]/div/form/div[1]/div/div/input 
2018-10-17 10:12:17,215 - BasePage - INFO - 输入内容：Had type [ adminer ] in inputBox
2018-10-17 10:12:17,266 - BasePage - INFO - Had find the element [  ] successful by xpath via value: .//*[@id='app']/div/div/div[2]/div/div[2]/div/form/div[2]/div/div/input 
2018-10-17 10:12:17,409 - BasePage - INFO - 输入内容：Had type [ 123456 ] in inputBox
2018-10-17 10:12:17,472 - BasePage - INFO - Had find the element [ 登录 ] successful by xpath via value: .//*[@id='app']/div/div/div[2]/div/div[2]/div/button 
2018-10-17 10:12:18,035 - BasePage - INFO - Had find the element [ 系统设置 ] successful by xpath via value: .//*[@id='app']/div/div/div[1]/ul/li[2]/div/span 
2018-10-17 10:12:18,383 - BasePage - INFO - Had find the element [  ] successful by xpath via value: .//*[@id='app']/div/div/div[1]/ul/li[2]/ul/li[3]/span 
2018-10-17 10:12:19,008 - BasePage - INFO - Had find the element [  ] successful by xpath via value: .//*[@id='app']/div/div/div[2]/div[2]/div/div[2]/form/div[1]/div[1]/div/div/input 
2018-10-17 10:12:19,311 - BasePage - INFO - Had find the element [  ] successful by xpath via value: .//*[@id='app']/div/div/div[2]/div[2]/div/div[2]/form/div[1]/div[1]/div/div/input 
2018-10-17 10:12:19,557 - BasePage - INFO - 输入内容：Had type [ 营销 ] in inputBox
2018-10-17 10:12:19,605 - BasePage - INFO - Had find the element [ 搜索查询 ] successful by xpath via value: .//*[@id='app']/div/div/div[2]/div[2]/div/div[1]/button 
2018-10-17 10:12:19,830 - BasePage - INFO - Had find the element [ 开发q ] successful by xpath via value: .//*[@id='app']/div/div/div[2]/div[2]/div/div[4]/div[1]/div[3]/table/tbody/tr[1]/td[2] 
2018-10-17 10:12:23,423 - BrowserEngine - INFO - You had select Chrome browser.
2018-10-17 10:12:23,423 - BrowserEngine - INFO - The test server url is: http://newadmin.dev.cloudh.net.cn/#/login
2018-10-17 10:12:28,146 - BrowserEngine - INFO - Starting Chrome browser
2018-10-17 10:12:29,284 - BrowserEngine - INFO - Maximize the current window
2018-10-17 10:12:32,335 - BrowserEngine - INFO - Open url:http://newadmin.dev.cloudh.net.cn/#/login
2018-10-17 10:12:32,338 - BrowserEngine - INFO - Set implicitily wait 10 seconds.
2018-10-17 10:12:33,379 - BasePage - INFO - Had find the element [  ] successful by xpath via value: .//*[@id='app']/div/div/div[2]/div/div[2]/div/form/div[1]/div/div/input 
2018-10-17 10:12:33,564 - BasePage - INFO - 输入内容：Had type [ adminer ] in inputBox
2018-10-17 10:12:33,612 - BasePage - INFO - Had find the element [  ] successful by xpath via value: .//*[@id='app']/div/div/div[2]/div/div[2]/div/form/div[2]/div/div/input 
2018-10-17 10:12:33,761 - BasePage - INFO - 输入内容：Had type [ 123456 ] in inputBox
2018-10-17 10:12:33,805 - BasePage - INFO - Had find the element [ 登录 ] successful by xpath via value: .//*[@id='app']/div/div/div[2]/div/div[2]/div/button 
2018-10-17 10:12:34,361 - BasePage - INFO - Had find the element [ 系统设置 ] successful by xpath via value: .//*[@id='app']/div/div/div[1]/ul/li[2]/div/span 
2018-10-17 10:12:34,545 - BasePage - INFO - Had find the element [  ] successful by xpath via value: .//*[@id='app']/div/div/div[1]/ul/li[2]/ul/li[3]/span 
2018-10-17 10:12:35,703 - BasePage - INFO - Had find the element [  ] successful by xpath via value: .//*[@id='app']/div/div/div[2]/div[2]/div/div[2]/form/div[1]/div[1]/div/div/input 
2018-10-17 10:12:35,896 - BasePage - INFO - Had find the element [  ] successful by xpath via value: .//*[@id='app']/div/div/div[2]/div[2]/div/div[2]/form/div[1]/div[1]/div/div/input 
2018-10-17 10:12:36,103 - BasePage - INFO - 输入内容：Had type [ 营销 ] in inputBox
2018-10-17 10:12:36,157 - BasePage - INFO - Had find the element [ 搜索查询 ] successful by xpath via value: .//*[@id='app']/div/div/div[2]/div[2]/div/div[1]/button 
2018-10-17 10:12:36,332 - BasePage - INFO - Had find the element [ 开发q ] successful by xpath via value: .//*[@id='app']/div/div/div[2]/div[2]/div/div[4]/div[1]/div[3]/table/tbody/tr[1]/td[2] 
2018-10-17 10:12:39,630 - BrowserEngine - INFO - You had select Chrome browser.
2018-10-17 10:12:39,630 - BrowserEngine - INFO - The test server url is: http://newadmin.dev.cloudh.net.cn/#/login
2018-10-17 10:12:44,376 - BrowserEngine - INFO - Starting Chrome browser
2018-10-17 10:12:45,510 - BrowserEngine - INFO - Maximize the current window
2018-10-17 10:12:53,615 - BrowserEngine - INFO - Open url:http://newadmin.dev.cloudh.net.cn/#/login
2018-10-17 10:12:53,619 - BrowserEngine - INFO - Set implicitily wait 10 seconds.
2018-10-17 10:12:54,702 - BasePage - INFO - Had find the element [  ] successful by xpath via value: .//*[@id='app']/div/div/div[2]/div/div[2]/div/form/div[1]/div/div/input 
2018-10-17 10:12:54,875 - BasePage - INFO - 输入内容：Had type [ adminer ] in inputBox
2018-10-17 10:12:54,925 - BasePage - INFO - Had find the element [  ] successful by xpath via value: .//*[@id='app']/div/div/div[2]/div/div[2]/div/form/div[2]/div/div/input 
2018-10-17 10:12:55,053 - BasePage - INFO - 输入内容：Had type [ 123456 ] in inputBox
2018-10-17 10:12:55,088 - BasePage - INFO - Had find the element [ 登录 ] successful by xpath via value: .//*[@id='app']/div/div/div[2]/div/div[2]/div/button 
2018-10-17 10:12:55,659 - BasePage - INFO - Had find the element [ 系统设置 ] successful by xpath via value: .//*[@id='app']/div/div/div[1]/ul/li[2]/div/span 
2018-10-17 10:12:55,866 - BasePage - INFO - Had find the element [  ] successful by xpath via value: .//*[@id='app']/div/div/div[1]/ul/li[2]/ul/li[3]/span 
2018-10-17 10:12:56,715 - BasePage - INFO - Had find the element [  ] successful by xpath via value: .//*[@id='app']/div/div/div[2]/div[2]/div/div[2]/form/div[1]/div[1]/div/div/input 
2018-10-17 10:12:56,982 - BasePage - INFO - Had find the element [  ] successful by xpath via value: .//*[@id='app']/div/div/div[2]/div[2]/div/div[2]/form/div[1]/div[1]/div/div/input 
2018-10-17 10:12:57,174 - BasePage - INFO - 输入内容：Had type [ 营销 ] in inputBox
2018-10-17 10:12:57,223 - BasePage - INFO - Had find the element [ 搜索查询 ] successful by xpath via value: .//*[@id='app']/div/div/div[2]/div[2]/div/div[1]/button 
2018-10-17 10:12:57,346 - BasePage - INFO - Had find the element [ 开发q ] successful by xpath via value: .//*[@id='app']/div/div/div[2]/div[2]/div/div[4]/div[1]/div[3]/table/tbody/tr[1]/td[2] 
2018-10-17 10:13:00,647 - BrowserEngine - INFO - You had select Chrome browser.
2018-10-17 10:13:00,648 - BrowserEngine - INFO - The test server url is: http://newadmin.dev.cloudh.net.cn/#/login
2018-10-17 10:13:05,529 - BrowserEngine - INFO - Starting Chrome browser
2018-10-17 10:13:06,656 - BrowserEngine - INFO - Maximize the current window
2018-10-17 10:13:13,776 - BrowserEngine - INFO - Open url:http://newadmin.dev.cloudh.net.cn/#/login
2018-10-17 10:13:13,782 - BrowserEngine - INFO - Set implicitily wait 10 seconds.
2018-10-17 10:13:14,868 - BasePage - INFO - Had find the element [  ] successful by xpath via value: .//*[@id='app']/div/div/div[2]/div/div[2]/div/form/div[1]/div/div/input 
2018-10-17 10:13:15,052 - BasePage - INFO - 输入内容：Had type [ adminer ] in inputBox
2018-10-17 10:13:15,092 - BasePage - INFO - Had find the element [  ] successful by xpath via value: .//*[@id='app']/div/div/div[2]/div/div[2]/div/form/div[2]/div/div/input 
2018-10-17 10:13:15,230 - BasePage - INFO - 输入内容：Had type [ 123456 ] in inputBox
2018-10-17 10:13:15,263 - BasePage - INFO - Had find the element [ 登录 ] successful by xpath via value: .//*[@id='app']/div/div/div[2]/div/div[2]/div/button 
2018-10-17 10:13:15,747 - BasePage - INFO - Had find the element [ 系统设置 ] successful by xpath via value: .//*[@id='app']/div/div/div[1]/ul/li[2]/div/span 
2018-10-17 10:13:16,103 - BasePage - INFO - Had find the element [ 部门管理 ] successful by xpath via value: .//*[@id='app']/div/div/div[1]/ul/li[2]/ul/li[3]/span 
2018-10-17 10:13:16,695 - BasePage - INFO - Had find the element [  ] successful by xpath via value: .//*[@id='app']/div/div/div[2]/div[2]/div/div[2]/form/div[1]/div[1]/div/div/input 
2018-10-17 10:13:16,969 - BasePage - INFO - Had find the element [  ] successful by xpath via value: .//*[@id='app']/div/div/div[2]/div[2]/div/div[2]/form/div[1]/div[1]/div/div/input 
2018-10-17 10:13:17,165 - BasePage - INFO - 输入内容：Had type [ 营销 ] in inputBox
2018-10-17 10:13:17,234 - BasePage - INFO - Had find the element [ 搜索查询 ] successful by xpath via value: .//*[@id='app']/div/div/div[2]/div[2]/div/div[1]/button 
2018-10-17 10:13:17,380 - BasePage - INFO - Had find the element [ 开发q ] successful by xpath via value: .//*[@id='app']/div/div/div[2]/div[2]/div/div[4]/div[1]/div[3]/table/tbody/tr[1]/td[2] 
2018-10-17 10:13:20,748 - BrowserEngine - INFO - You had select Chrome browser.
2018-10-17 10:13:20,749 - BrowserEngine - INFO - The test server url is: http://newadmin.dev.cloudh.net.cn/#/login
