2018-10-18 16:36:09,573 - BrowserEngine - INFO - You had select Chrome browser.
2018-10-18 16:36:09,573 - BrowserEngine - INFO - The test server url is: http://newadmin.dev.cloudh.net.cn/#/login
2018-10-18 16:36:14,592 - BrowserEngine - INFO - Starting Chrome browser
2018-10-18 16:36:15,722 - BrowserEngine - INFO - Maximize the current window
2018-10-18 16:36:18,993 - BrowserEngine - INFO - Open url:http://newadmin.dev.cloudh.net.cn/#/login
2018-10-18 16:36:18,995 - BrowserEngine - INFO - Set implicitily wait 10 seconds.
2018-10-18 16:36:19,059 - BasePage - INFO - Had find the element [  ] successful by xpath via value: .//*[@id='app']/div/div/div[2]/div/div[2]/div/form/div[1]/div/div/input 
2018-10-18 16:36:19,277 - BasePage - INFO - 输入内容：Had type [ adminer ] in inputBox
2018-10-18 16:36:19,321 - BasePage - INFO - Had find the element [  ] successful by xpath via value: .//*[@id='app']/div/div/div[2]/div/div[2]/div/form/div[2]/div/div/input 
2018-10-18 16:36:19,479 - BasePage - INFO - 输入内容：Had type [ 123456 ] in inputBox
2018-10-18 16:36:19,554 - BasePage - INFO - Had find the element [ 登录 ] successful by xpath via value: .//*[@id='app']/div/div/div[2]/div/div[2]/div/button 
2018-10-18 16:36:20,471 - BasePage - INFO - 截图：Had take a screenshot and save to folder：/screenshots/
2018-10-18 16:36:22,473 - BasePage - INFO - Sleep for 2 seconds
2018-10-18 16:36:25,598 - BrowserEngine - INFO - You had select Chrome browser.
2018-10-18 16:36:25,599 - BrowserEngine - INFO - The test server url is: http://newadmin.dev.cloudh.net.cn/#/login
2018-10-18 16:36:30,506 - BrowserEngine - INFO - Starting Chrome browser
2018-10-18 16:36:31,640 - BrowserEngine - INFO - Maximize the current window
2018-10-18 16:36:34,115 - BrowserEngine - INFO - Open url:http://newadmin.dev.cloudh.net.cn/#/login
2018-10-18 16:36:34,118 - BrowserEngine - INFO - Set implicitily wait 10 seconds.
2018-10-18 16:36:34,299 - BasePage - INFO - Had find the element [  ] successful by xpath via value: .//*[@id='app']/div/div/div[2]/div/div[2]/div/form/div[1]/div/div/input 
2018-10-18 16:36:34,496 - BasePage - INFO - 输入内容：Had type [ adminer ] in inputBox
2018-10-18 16:36:34,540 - BasePage - INFO - Had find the element [  ] successful by xpath via value: .//*[@id='app']/div/div/div[2]/div/div[2]/div/form/div[2]/div/div/input 
2018-10-18 16:36:34,669 - BasePage - INFO - 输入内容：Had type [ 000000 ] in inputBox
2018-10-18 16:36:34,714 - BasePage - INFO - Had find the element [ 登录 ] successful by xpath via value: .//*[@id='app']/div/div/div[2]/div/div[2]/div/button 
2018-10-18 16:36:35,340 - BasePage - INFO - 截图：Had take a screenshot and save to folder：/screenshots/
2018-10-18 16:36:37,341 - BasePage - INFO - Sleep for 2 seconds
2018-10-18 16:36:40,441 - BrowserEngine - INFO - You had select Chrome browser.
2018-10-18 16:36:40,441 - BrowserEngine - INFO - The test server url is: http://newadmin.dev.cloudh.net.cn/#/login
2018-10-18 16:36:45,541 - BrowserEngine - INFO - Starting Chrome browser
2018-10-18 16:36:46,662 - BrowserEngine - INFO - Maximize the current window
2018-10-18 16:36:50,180 - BrowserEngine - INFO - Open url:http://newadmin.dev.cloudh.net.cn/#/login
2018-10-18 16:36:50,182 - BrowserEngine - INFO - Set implicitily wait 10 seconds.
2018-10-18 16:36:50,379 - BasePage - INFO - Had find the element [  ] successful by xpath via value: .//*[@id='app']/div/div/div[2]/div/div[2]/div/form/div[1]/div/div/input 
2018-10-18 16:36:50,543 - BasePage - INFO - 输入内容：Had type [ admin ] in inputBox
2018-10-18 16:36:50,596 - BasePage - INFO - Had find the element [  ] successful by xpath via value: .//*[@id='app']/div/div/div[2]/div/div[2]/div/form/div[2]/div/div/input 
2018-10-18 16:36:50,738 - BasePage - INFO - 输入内容：Had type [ 123456 ] in inputBox
2018-10-18 16:36:50,782 - BasePage - INFO - Had find the element [ 登录 ] successful by xpath via value: .//*[@id='app']/div/div/div[2]/div/div[2]/div/button 
2018-10-18 16:36:51,371 - BasePage - INFO - 截图：Had take a screenshot and save to folder：/screenshots/
2018-10-18 16:36:53,373 - BasePage - INFO - Sleep for 2 seconds
2018-10-18 16:36:56,572 - BrowserEngine - INFO - You had select Chrome browser.
2018-10-18 16:36:56,572 - BrowserEngine - INFO - The test server url is: http://newadmin.dev.cloudh.net.cn/#/login
2018-10-18 16:37:01,463 - BrowserEngine - INFO - Starting Chrome browser
2018-10-18 16:37:02,603 - BrowserEngine - INFO - Maximize the current window
2018-10-18 16:37:07,517 - BrowserEngine - INFO - Open url:http://newadmin.dev.cloudh.net.cn/#/login
2018-10-18 16:37:07,522 - BrowserEngine - INFO - Set implicitily wait 10 seconds.
2018-10-18 16:37:07,584 - BasePage - INFO - Had find the element [  ] successful by xpath via value: .//*[@id='app']/div/div/div[2]/div/div[2]/div/form/div[1]/div/div/input 
2018-10-18 16:37:07,835 - BasePage - INFO - 输入内容：Had type [ admin ] in inputBox
2018-10-18 16:37:07,880 - BasePage - INFO - Had find the element [  ] successful by xpath via value: .//*[@id='app']/div/div/div[2]/div/div[2]/div/form/div[2]/div/div/input 
2018-10-18 16:37:08,028 - BasePage - INFO - 输入内容：Had type [ 666666 ] in inputBox
2018-10-18 16:37:08,082 - BasePage - INFO - Had find the element [ 登录 ] successful by xpath via value: .//*[@id='app']/div/div/div[2]/div/div[2]/div/button 
2018-10-18 16:37:08,686 - BasePage - INFO - 截图：Had take a screenshot and save to folder：/screenshots/
2018-10-18 16:37:10,686 - BasePage - INFO - Sleep for 2 seconds
2018-10-18 16:37:13,811 - BrowserEngine - INFO - You had select Chrome browser.
2018-10-18 16:37:13,812 - BrowserEngine - INFO - The test server url is: http://newadmin.dev.cloudh.net.cn/#/login
2018-10-18 16:37:18,747 - BrowserEngine - INFO - Starting Chrome browser
2018-10-18 16:37:20,001 - BrowserEngine - INFO - Maximize the current window
2018-10-18 16:37:23,981 - BrowserEngine - INFO - Open url:http://newadmin.dev.cloudh.net.cn/#/login
2018-10-18 16:37:23,984 - BrowserEngine - INFO - Set implicitily wait 10 seconds.
2018-10-18 16:37:24,060 - BasePage - INFO - Had find the element [  ] successful by xpath via value: .//*[@id='app']/div/div/div[2]/div/div[2]/div/form/div[1]/div/div/input 
2018-10-18 16:37:24,220 - BasePage - INFO - 输入内容：Had type [  ] in inputBox
2018-10-18 16:37:24,299 - BasePage - INFO - Had find the element [  ] successful by xpath via value: .//*[@id='app']/div/div/div[2]/div/div[2]/div/form/div[2]/div/div/input 
2018-10-18 16:37:24,430 - BasePage - INFO - 输入内容：Had type [  ] in inputBox
2018-10-18 16:37:24,492 - BasePage - INFO - Had find the element [ 登录 ] successful by xpath via value: .//*[@id='app']/div/div/div[2]/div/div[2]/div/button 
2018-10-18 16:37:25,098 - BasePage - INFO - 截图：Had take a screenshot and save to folder：/screenshots/
2018-10-18 16:37:27,099 - BasePage - INFO - Sleep for 2 seconds
2018-10-18 16:37:30,238 - BrowserEngine - INFO - You had select Chrome browser.
2018-10-18 16:37:30,238 - BrowserEngine - INFO - The test server url is: http://newadmin.dev.cloudh.net.cn/#/login
2018-10-18 16:37:35,116 - BrowserEngine - INFO - Starting Chrome browser
2018-10-18 16:37:36,249 - BrowserEngine - INFO - Maximize the current window
2018-10-18 16:37:41,302 - BrowserEngine - INFO - Open url:http://newadmin.dev.cloudh.net.cn/#/login
2018-10-18 16:37:41,307 - BrowserEngine - INFO - Set implicitily wait 10 seconds.
2018-10-18 16:37:41,587 - BasePage - INFO - Had find the element [  ] successful by xpath via value: .//*[@id='app']/div/div/div[2]/div/div[2]/div/form/div[1]/div/div/input 
2018-10-18 16:37:41,758 - BasePage - INFO - 输入内容：Had type [ adminer ] in inputBox
2018-10-18 16:37:41,810 - BasePage - INFO - Had find the element [  ] successful by xpath via value: .//*[@id='app']/div/div/div[2]/div/div[2]/div/form/div[2]/div/div/input 
2018-10-18 16:37:41,962 - BasePage - INFO - 输入内容：Had type [ 123456 ] in inputBox
2018-10-18 16:37:42,011 - BasePage - INFO - Had find the element [ 登录 ] successful by xpath via value: .//*[@id='app']/div/div/div[2]/div/div[2]/div/button 
2018-10-18 16:37:42,522 - BasePage - INFO - Had find the element [ adminer ] successful by xpath via value: .//*[@id='app']/div/header/div[2]/span/div[2]/span 
2018-10-18 16:38:06,582 - BasePage - ERROR - NoSuchElementException:Message: no such element: Unable to locate element: {"method":"xpath","selector":".//*[@id='admin']/div/header/div[2]/span/div/span"}
  (Session info: chrome=69.0.3497.100)
  (Driver info: chromedriver=2.36.540470 (e522d04694c7ebea4ba8821272dbef4f9b818c91),platform=Windows NT 10.0.16299 x86_64)

2018-10-18 16:38:06,868 - BasePage - INFO - 截图：Had take a screenshot and save to folder：/screenshots/
2018-10-18 16:38:10,073 - BrowserEngine - INFO - You had select Chrome browser.
2018-10-18 16:38:10,073 - BrowserEngine - INFO - The test server url is: http://newadmin.dev.cloudh.net.cn/#/login
2018-10-18 16:38:15,747 - BrowserEngine - INFO - Starting Chrome browser
2018-10-18 16:38:16,881 - BrowserEngine - INFO - Maximize the current window
2018-10-18 16:38:21,742 - BrowserEngine - INFO - Open url:http://newadmin.dev.cloudh.net.cn/#/login
2018-10-18 16:38:21,747 - BrowserEngine - INFO - Set implicitily wait 10 seconds.
2018-10-18 16:38:21,809 - BasePage - INFO - Had find the element [  ] successful by xpath via value: .//*[@id='app']/div/div/div[2]/div/div[2]/div/form/div[1]/div/div/input 
2018-10-18 16:38:22,031 - BasePage - INFO - 输入内容：Had type [ adminer ] in inputBox
2018-10-18 16:38:22,120 - BasePage - INFO - Had find the element [  ] successful by xpath via value: .//*[@id='app']/div/div/div[2]/div/div[2]/div/form/div[2]/div/div/input 
2018-10-18 16:38:22,320 - BasePage - INFO - 输入内容：Had type [ 123456 ] in inputBox
2018-10-18 16:38:22,381 - BasePage - INFO - Had find the element [ 登录 ] successful by xpath via value: .//*[@id='app']/div/div/div[2]/div/div[2]/div/button 
2018-10-18 16:38:24,594 - BasePage - INFO - Sleep for 2 seconds
2018-10-18 16:38:24,879 - BasePage - INFO - 截图：Had take a screenshot and save to folder：/screenshots/
2018-10-18 16:38:26,880 - BasePage - INFO - Sleep for 2 seconds
2018-10-18 16:38:26,923 - BasePage - INFO - Had find the element [ adminer ] successful by xpath via value: .//*[@id='app']/div/header/div[2]/span/div[2]/span 
2018-10-18 16:38:30,088 - BrowserEngine - INFO - You had select Chrome browser.
2018-10-18 16:38:30,088 - BrowserEngine - INFO - The test server url is: http://newadmin.dev.cloudh.net.cn/#/login
2018-10-18 16:38:34,925 - BrowserEngine - INFO - Starting Chrome browser
2018-10-18 16:38:36,056 - BrowserEngine - INFO - Maximize the current window
2018-10-18 16:38:40,153 - BrowserEngine - INFO - Open url:http://newadmin.dev.cloudh.net.cn/#/login
2018-10-18 16:38:40,155 - BrowserEngine - INFO - Set implicitily wait 10 seconds.
2018-10-18 16:38:41,210 - BasePage - INFO - Had find the element [  ] successful by xpath via value: .//*[@id='app']/div/div/div[2]/div/div[2]/div/form/div[1]/div/div/input 
2018-10-18 16:38:41,380 - BasePage - INFO - 输入内容：Had type [ adminer ] in inputBox
2018-10-18 16:38:41,429 - BasePage - INFO - Had find the element [  ] successful by xpath via value: .//*[@id='app']/div/div/div[2]/div/div[2]/div/form/div[2]/div/div/input 
2018-10-18 16:38:41,568 - BasePage - INFO - 输入内容：Had type [ 123456 ] in inputBox
2018-10-18 16:38:41,615 - BasePage - INFO - Had find the element [ 登录 ] successful by xpath via value: .//*[@id='app']/div/div/div[2]/div/div[2]/div/button 
2018-10-18 16:38:42,310 - BasePage - INFO - Had find the element [ 系统设置 ] successful by xpath via value: .//*[@id='app']/div/div/div[1]/ul/li[2]/div/span 
2018-10-18 16:38:42,559 - BasePage - INFO - Had find the element [  ] successful by xpath via value: .//*[@id='app']/div/div/div[1]/ul/li[2]/ul/li[2] 
2018-10-18 16:38:42,994 - BasePage - INFO - Had find the element [  ] successful by xpath via value: .//*[@id='app']/div/div/div[2]/div[2]/div/div[2]/form/div[1]/div[1]/div/div/input 
2018-10-18 16:38:43,313 - BasePage - INFO - Had find the element [  ] successful by xpath via value: .//*[@id='app']/div/div/div[2]/div[2]/div/div[2]/form/div[1]/div[1]/div/div/input 
2018-10-18 16:38:43,450 - BasePage - INFO - 输入内容：Had type [ 营销 ] in inputBox
2018-10-18 16:38:43,520 - BasePage - INFO - Had find the element [ 搜索查询 ] successful by xpath via value: .//*[@id='app']/div/div/div[2]/div[2]/div/div[1]/button 
2018-10-18 16:38:43,709 - BasePage - INFO - Had find the element [ 开发q ] successful by xpath via value: .//*[@id='app']/div/div/div[2]/div[2]/div/div[4]/div[1]/div[3]/table/tbody/tr[1]/td[2] 
2018-10-18 16:38:43,777 - BasePage - INFO - Had find the element [ 开发q ] successful by xpath via value: .//*[@id='app']/div/div/div[2]/div[2]/div/div[4]/div[1]/div[3]/table/tbody/tr[1]/td[2] 
2018-10-18 16:38:49,953 - BrowserEngine - INFO - You had select Chrome browser.
2018-10-18 16:38:49,953 - BrowserEngine - INFO - The test server url is: http://newadmin.dev.cloudh.net.cn/#/login
2018-10-18 16:38:54,891 - BrowserEngine - INFO - Starting Chrome browser
2018-10-18 16:38:56,020 - BrowserEngine - INFO - Maximize the current window
2018-10-18 16:39:01,520 - BrowserEngine - INFO - Open url:http://newadmin.dev.cloudh.net.cn/#/login
2018-10-18 16:39:01,522 - BrowserEngine - INFO - Set implicitily wait 10 seconds.
2018-10-18 16:39:02,592 - BasePage - INFO - Had find the element [  ] successful by xpath via value: .//*[@id='app']/div/div/div[2]/div/div[2]/div/form/div[1]/div/div/input 
2018-10-18 16:39:02,715 - BasePage - INFO - 输入内容：Had type [ adminer ] in inputBox
2018-10-18 16:39:02,753 - BasePage - INFO - Had find the element [  ] successful by xpath via value: .//*[@id='app']/div/div/div[2]/div/div[2]/div/form/div[2]/div/div/input 
2018-10-18 16:39:02,875 - BasePage - INFO - 输入内容：Had type [ 123456 ] in inputBox
2018-10-18 16:39:02,916 - BasePage - INFO - Had find the element [ 登录 ] successful by xpath via value: .//*[@id='app']/div/div/div[2]/div/div[2]/div/button 
2018-10-18 16:39:03,518 - BasePage - INFO - Had find the element [ 系统设置 ] successful by xpath via value: .//*[@id='app']/div/div/div[1]/ul/li[2]/div/span 
2018-10-18 16:39:03,809 - BasePage - INFO - Had find the element [  ] successful by xpath via value: .//*[@id='app']/div/div/div[1]/ul/li[2]/ul/li[2] 
2018-10-18 16:39:04,447 - BasePage - INFO - Had find the element [  ] successful by xpath via value: .//*[@id='app']/div/div/div[2]/div[2]/div/div[2]/form/div[1]/div[1]/div/div/input 
2018-10-18 16:39:04,768 - BasePage - INFO - Had find the element [  ] successful by xpath via value: .//*[@id='app']/div/div/div[2]/div[2]/div/div[2]/form/div[1]/div[1]/div/div/input 
2018-10-18 16:39:05,014 - BasePage - INFO - 输入内容：Had type [ 部 ] in inputBox
2018-10-18 16:39:05,057 - BasePage - INFO - Had find the element [ 搜索查询 ] successful by xpath via value: .//*[@id='app']/div/div/div[2]/div[2]/div/div[1]/button 
2018-10-18 16:39:05,197 - BasePage - INFO - Had find the element [ 开发q ] successful by xpath via value: .//*[@id='app']/div/div/div[2]/div[2]/div/div[4]/div[1]/div[3]/table/tbody/tr[1]/td[2] 
2018-10-18 16:39:05,309 - BasePage - INFO - Had find the element [ 这是部门 ] successful by xpath via value: .//*[@id='app']/div/div/div[2]/div[2]/div/div[4]/div[1]/div[3]/table/tbody/tr[1]/td[2] 
2018-10-18 16:39:11,502 - BrowserEngine - INFO - You had select Chrome browser.
2018-10-18 16:39:11,503 - BrowserEngine - INFO - The test server url is: http://newadmin.dev.cloudh.net.cn/#/login
2018-10-18 16:39:16,402 - BrowserEngine - INFO - Starting Chrome browser
2018-10-18 16:39:17,524 - BrowserEngine - INFO - Maximize the current window
2018-10-18 16:39:20,955 - BrowserEngine - INFO - Open url:http://newadmin.dev.cloudh.net.cn/#/login
2018-10-18 16:39:20,963 - BrowserEngine - INFO - Set implicitily wait 10 seconds.
2018-10-18 16:39:22,026 - BasePage - INFO - Had find the element [  ] successful by xpath via value: .//*[@id='app']/div/div/div[2]/div/div[2]/div/form/div[1]/div/div/input 
2018-10-18 16:39:22,214 - BasePage - INFO - 输入内容：Had type [ adminer ] in inputBox
2018-10-18 16:39:22,256 - BasePage - INFO - Had find the element [  ] successful by xpath via value: .//*[@id='app']/div/div/div[2]/div/div[2]/div/form/div[2]/div/div/input 
2018-10-18 16:39:22,389 - BasePage - INFO - 输入内容：Had type [ 123456 ] in inputBox
2018-10-18 16:39:22,428 - BasePage - INFO - Had find the element [ 登录 ] successful by xpath via value: .//*[@id='app']/div/div/div[2]/div/div[2]/div/button 
2018-10-18 16:39:22,992 - BasePage - INFO - Had find the element [ 系统设置 ] successful by xpath via value: .//*[@id='app']/div/div/div[1]/ul/li[2]/div/span 
2018-10-18 16:39:23,322 - BasePage - INFO - Had find the element [ 部门管理 ] successful by xpath via value: .//*[@id='app']/div/div/div[1]/ul/li[2]/ul/li[2] 
2018-10-18 16:39:23,878 - BasePage - INFO - Had find the element [  ] successful by xpath via value: .//*[@id='app']/div/div/div[2]/div[2]/div/div[2]/form/div[1]/div[1]/div/div/input 
2018-10-18 16:39:24,252 - BasePage - INFO - Had find the element [  ] successful by xpath via value: .//*[@id='app']/div/div/div[2]/div[2]/div/div[2]/form/div[1]/div[1]/div/div/input 
2018-10-18 16:39:24,420 - BasePage - INFO - 输入内容：Had type [ 测试 ] in inputBox
2018-10-18 16:39:24,475 - BasePage - INFO - Had find the element [ 搜索查询 ] successful by xpath via value: .//*[@id='app']/div/div/div[2]/div[2]/div/div[1]/button 
2018-10-18 16:39:24,657 - BasePage - INFO - Had find the element [ 开发q ] successful by xpath via value: .//*[@id='app']/div/div/div[2]/div[2]/div/div[4]/div[1]/div[3]/table/tbody/tr[1]/td[2] 
2018-10-18 16:39:24,723 - BasePage - INFO - Had find the element [ 开发q ] successful by xpath via value: .//*[@id='app']/div/div/div[2]/div[2]/div/div[4]/div[1]/div[3]/table/tbody/tr[1]/td[2] 
2018-10-18 16:39:30,885 - BrowserEngine - INFO - You had select Chrome browser.
2018-10-18 16:39:30,885 - BrowserEngine - INFO - The test server url is: http://newadmin.dev.cloudh.net.cn/#/login
2018-10-18 16:39:35,787 - BrowserEngine - INFO - Starting Chrome browser
2018-10-18 16:39:36,916 - BrowserEngine - INFO - Maximize the current window
2018-10-18 16:39:39,776 - BrowserEngine - INFO - Open url:http://newadmin.dev.cloudh.net.cn/#/login
2018-10-18 16:39:39,778 - BrowserEngine - INFO - Set implicitily wait 10 seconds.
2018-10-18 16:39:40,830 - BasePage - INFO - Had find the element [  ] successful by xpath via value: .//*[@id='app']/div/div/div[2]/div/div[2]/div/form/div[1]/div/div/input 
2018-10-18 16:39:40,968 - BasePage - INFO - 输入内容：Had type [ adminer ] in inputBox
2018-10-18 16:39:41,007 - BasePage - INFO - Had find the element [  ] successful by xpath via value: .//*[@id='app']/div/div/div[2]/div/div[2]/div/form/div[2]/div/div/input 
2018-10-18 16:39:41,132 - BasePage - INFO - 输入内容：Had type [ 123456 ] in inputBox
2018-10-18 16:39:41,172 - BasePage - INFO - Had find the element [ 登录 ] successful by xpath via value: .//*[@id='app']/div/div/div[2]/div/div[2]/div/button 
2018-10-18 16:39:41,730 - BasePage - INFO - Had find the element [ 系统设置 ] successful by xpath via value: .//*[@id='app']/div/div/div[1]/ul/li[2]/div/span 
2018-10-18 16:39:41,935 - BasePage - INFO - Had find the element [  ] successful by xpath via value: .//*[@id='app']/div/div/div[1]/ul/li[2]/ul/li[2] 
2018-10-18 16:39:42,561 - BasePage - INFO - Had find the element [  ] successful by xpath via value: .//*[@id='app']/div/div/div[2]/div[2]/div/div[2]/form/div[1]/div[1]/div/div/input 
2018-10-18 16:39:42,750 - BasePage - INFO - Had find the element [  ] successful by xpath via value: .//*[@id='app']/div/div/div[2]/div[2]/div/div[2]/form/div[1]/div[1]/div/div/input 
2018-10-18 16:39:42,950 - BasePage - INFO - 输入内容：Had type [ 产品 ] in inputBox
2018-10-18 16:39:42,987 - BasePage - INFO - Had find the element [ 搜索查询 ] successful by xpath via value: .//*[@id='app']/div/div/div[2]/div[2]/div/div[1]/button 
2018-10-18 16:39:43,111 - BasePage - INFO - Had find the element [ 开发q ] successful by xpath via value: .//*[@id='app']/div/div/div[2]/div[2]/div/div[4]/div[1]/div[3]/table/tbody/tr[1]/td[2] 
2018-10-18 16:39:43,178 - BasePage - INFO - Had find the element [ 开发q ] successful by xpath via value: .//*[@id='app']/div/div/div[2]/div[2]/div/div[4]/div[1]/div[3]/table/tbody/tr[1]/td[2] 
