2018-10-17 10:07:56,613 - BrowserEngine - INFO - You had select Chrome browser.
2018-10-17 10:07:56,614 - BrowserEngine - INFO - The test server url is: http://newadmin.dev.cloudh.net.cn/#/login
2018-10-17 10:08:01,853 - BrowserEngine - INFO - Starting Chrome browser
2018-10-17 10:08:03,008 - BrowserEngine - INFO - Maximize the current window
2018-10-17 10:08:26,136 - BrowserEngine - INFO - Open url:http://newadmin.dev.cloudh.net.cn/#/login
2018-10-17 10:08:26,140 - BrowserEngine - INFO - Set implicitily wait 10 seconds.
2018-10-17 10:08:27,194 - BasePage - INFO - Had find the element [  ] successful by xpath via value: .//*[@id='app']/div/div/div[2]/div/div[2]/div/form/div[1]/div/div/input 
2018-10-17 10:08:27,382 - BasePage - INFO - 输入内容：Had type [ adminer ] in inputBox
2018-10-17 10:08:27,443 - BasePage - INFO - Had find the element [  ] successful by xpath via value: .//*[@id='app']/div/div/div[2]/div/div[2]/div/form/div[2]/div/div/input 
2018-10-17 10:08:27,573 - BasePage - INFO - 输入内容：Had type [ 123456 ] in inputBox
2018-10-17 10:08:27,615 - BasePage - INFO - Had find the element [ 登录 ] successful by xpath via value: .//*[@id='app']/div/div/div[2]/div/div[2]/div/button 
2018-10-17 10:08:28,371 - BasePage - INFO - Had find the element [ 系统设置 ] successful by xpath via value: .//*[@id='app']/div/div/div[1]/ul/li[2]/div/span 
2018-10-17 10:08:28,545 - BasePage - INFO - Had find the element [  ] successful by xpath via value: .//*[@id='app']/div/div/div[1]/ul/li[2]/ul/li[3]/span 
2018-10-17 10:08:29,401 - BasePage - INFO - Had find the element [  ] successful by xpath via value: .//*[@id='app']/div/div/div[2]/div[2]/div/div[2]/form/div[1]/div[1]/div/div/input 
2018-10-17 10:08:29,539 - BasePage - INFO - Had find the element [  ] successful by xpath via value: .//*[@id='app']/div/div/div[2]/div[2]/div/div[2]/form/div[1]/div[1]/div/div/input 
2018-10-17 10:08:29,792 - BasePage - INFO - 输入内容：Had type [ 营销 ] in inputBox
2018-10-17 10:08:29,851 - BasePage - INFO - Had find the element [ 搜索查询 ] successful by xpath via value: .//*[@id='app']/div/div/div[2]/div[2]/div/div[1]/button 
2018-10-17 10:08:29,985 - BasePage - INFO - Had find the element [ 开发q ] successful by xpath via value: .//*[@id='app']/div/div/div[2]/div[2]/div/div[4]/div[1]/div[3]/table/tbody/tr[1]/td[2] 
2018-10-17 10:08:30,047 - BasePage - INFO - Had find the element [ 开发q ] successful by xpath via value: .//*[@id='app']/div/div/div[2]/div[2]/div/div[4]/div[1]/div[3]/table/tbody/tr[1]/td[2] 
2018-10-17 10:08:33,192 - BrowserEngine - INFO - You had select Chrome browser.
2018-10-17 10:08:33,192 - BrowserEngine - INFO - The test server url is: http://newadmin.dev.cloudh.net.cn/#/login
2018-10-17 10:08:37,949 - BrowserEngine - INFO - Starting Chrome browser
2018-10-17 10:08:39,085 - BrowserEngine - INFO - Maximize the current window
