2018-09-30 14:12:54,886 - BrowserEngine - INFO - You had select Chrome browser.
2018-09-30 14:12:54,886 - BrowserEngine - INFO - The test server url is: http://newadmin.test.cloudh.net.cn/#/login
2018-09-30 14:13:01,179 - BrowserEngine - INFO - Starting Chrome browser
2018-09-30 14:13:02,301 - BrowserEngine - INFO - Maximize the current window
2018-09-30 14:13:04,307 - BrowserEngine - INFO - Open url:http://newadmin.test.cloudh.net.cn/#/login
2018-09-30 14:13:04,311 - BrowserEngine - INFO - Set implicitily wait 10 seconds.
2018-09-30 14:13:04,372 - BasePage - INFO - Had find the element [  ] successful by xpath via value: .//*[@id='admin']/div/div/div[2]/div/div[2]/div/form/div[1]/div/div[1]/input 
2018-09-30 14:13:04,543 - BasePage - INFO - 输入内容：Had type [ %s ] in inputBox" % text
2018-09-30 14:13:04,585 - BasePage - INFO - Had find the element [  ] successful by xpath via value: .//*[@id='admin']/div/div/div[2]/div/div[2]/div/form/div[2]/div/div/input 
2018-09-30 14:13:04,698 - BasePage - INFO - 输入内容：Had type [ %s ] in inputBox" % text
2018-09-30 14:13:04,745 - BasePage - INFO - Had find the element [ 登录 ] successful by xpath via value: .//*[@id='admin']/div/div/div[2]/div/div[2]/div/button 
2018-09-30 14:13:05,262 - BasePage - INFO - 截图：Had take a screenshot and save to folder：/screenshots/
2018-09-30 14:13:07,263 - BasePage - INFO - Sleep for 2 seconds
2018-09-30 14:13:37,288 - BasePage - ERROR - NoSuchElementException:Message: no such element: Unable to locate element: {"method":"xpath","selector":".//*[@id='admin']/div/div/div[2]/div/div[2]/div/form/div[1]/div/div[1]/input"}
  (Session info: chrome=69.0.3497.100)
  (Driver info: chromedriver=2.36.540470 (e522d04694c7ebea4ba8821272dbef4f9b818c91),platform=Windows NT 10.0.16299 x86_64)

2018-09-30 14:13:37,670 - BasePage - INFO - 截图：Had take a screenshot and save to folder：/screenshots/
2018-09-30 14:13:41,257 - BrowserEngine - INFO - You had select Chrome browser.
2018-09-30 14:13:41,257 - BrowserEngine - INFO - The test server url is: http://newadmin.test.cloudh.net.cn/#/login
2018-09-30 14:13:46,795 - BrowserEngine - INFO - Starting Chrome browser
2018-09-30 14:13:47,947 - BrowserEngine - INFO - Maximize the current window
2018-09-30 14:13:49,617 - BrowserEngine - INFO - Open url:http://newadmin.test.cloudh.net.cn/#/login
2018-09-30 14:13:49,619 - BrowserEngine - INFO - Set implicitily wait 10 seconds.
2018-09-30 14:13:49,671 - BasePage - INFO - Had find the element [  ] successful by xpath via value: .//*[@id='admin']/div/div/div[2]/div/div[2]/div/form/div[1]/div/div[1]/input 
2018-09-30 14:13:49,882 - BasePage - INFO - 输入内容：Had type [ %s ] in inputBox" % text
2018-09-30 14:13:49,920 - BasePage - INFO - Had find the element [  ] successful by xpath via value: .//*[@id='admin']/div/div/div[2]/div/div[2]/div/form/div[2]/div/div/input 
2018-09-30 14:13:50,098 - BasePage - INFO - 输入内容：Had type [ %s ] in inputBox" % text
2018-09-30 14:13:50,150 - BasePage - INFO - Had find the element [ 登录 ] successful by xpath via value: .//*[@id='admin']/div/div/div[2]/div/div[2]/div/button 
2018-09-30 14:13:50,652 - BasePage - INFO - 截图：Had take a screenshot and save to folder：/screenshots/
2018-09-30 14:13:52,654 - BasePage - INFO - Sleep for 2 seconds
2018-09-30 14:13:52,678 - BasePage - INFO - Had find the element [  ] successful by xpath via value: .//*[@id='admin']/div/div/div[2]/div/div[2]/div/form/div[1]/div/div[1]/input 
2018-09-30 14:13:52,819 - BasePage - INFO - 输入内容：Had type [ %s ] in inputBox" % text
2018-09-30 14:13:52,840 - BasePage - INFO - Had find the element [  ] successful by xpath via value: .//*[@id='admin']/div/div/div[2]/div/div[2]/div/form/div[2]/div/div/input 
2018-09-30 14:13:52,939 - BasePage - INFO - 输入内容：Had type [ %s ] in inputBox" % text
2018-09-30 14:13:52,965 - BasePage - INFO - Had find the element [ 登录 ] successful by xpath via value: .//*[@id='admin']/div/div/div[2]/div/div[2]/div/button 
2018-09-30 14:13:53,327 - BasePage - INFO - 截图：Had take a screenshot and save to folder：/screenshots/
2018-09-30 14:13:55,327 - BasePage - INFO - Sleep for 2 seconds
2018-09-30 14:13:55,348 - BasePage - INFO - Had find the element [  ] successful by xpath via value: .//*[@id='admin']/div/div/div[2]/div/div[2]/div/form/div[1]/div/div[1]/input 
2018-09-30 14:13:55,488 - BasePage - INFO - 输入内容：Had type [ %s ] in inputBox" % text
2018-09-30 14:13:55,518 - BasePage - INFO - Had find the element [  ] successful by xpath via value: .//*[@id='admin']/div/div/div[2]/div/div[2]/div/form/div[2]/div/div/input 
2018-09-30 14:13:55,654 - BasePage - INFO - 输入内容：Had type [ %s ] in inputBox" % text
2018-09-30 14:13:55,685 - BasePage - INFO - Had find the element [ 登录 ] successful by xpath via value: .//*[@id='admin']/div/div/div[2]/div/div[2]/div/button 
2018-09-30 14:13:56,030 - BasePage - INFO - 截图：Had take a screenshot and save to folder：/screenshots/
2018-09-30 14:13:58,030 - BasePage - INFO - Sleep for 2 seconds
2018-09-30 14:13:58,081 - BasePage - INFO - Had find the element [  ] successful by xpath via value: .//*[@id='admin']/div/div/div[2]/div/div[2]/div/form/div[1]/div/div[1]/input 
2018-09-30 14:13:58,228 - BasePage - INFO - 输入内容：Had type [ %s ] in inputBox" % text
2018-09-30 14:13:58,249 - BasePage - INFO - Had find the element [  ] successful by xpath via value: .//*[@id='admin']/div/div/div[2]/div/div[2]/div/form/div[2]/div/div/input 
2018-09-30 14:13:58,322 - BasePage - INFO - 输入内容：Had type [ %s ] in inputBox" % text
2018-09-30 14:13:58,343 - BasePage - INFO - Had find the element [ 登录 ] successful by xpath via value: .//*[@id='admin']/div/div/div[2]/div/div[2]/div/button 
2018-09-30 14:13:58,683 - BasePage - INFO - 截图：Had take a screenshot and save to folder：/screenshots/
2018-09-30 14:14:00,683 - BasePage - INFO - Sleep for 2 seconds
2018-09-30 14:14:03,823 - BrowserEngine - INFO - You had select Chrome browser.
2018-09-30 14:14:03,823 - BrowserEngine - INFO - The test server url is: http://newadmin.test.cloudh.net.cn/#/login
2018-09-30 14:14:09,230 - BrowserEngine - INFO - Starting Chrome browser
2018-09-30 14:14:10,356 - BrowserEngine - INFO - Maximize the current window
2018-09-30 14:14:11,989 - BrowserEngine - INFO - Open url:http://newadmin.test.cloudh.net.cn/#/login
2018-09-30 14:14:11,992 - BrowserEngine - INFO - Set implicitily wait 10 seconds.
2018-09-30 14:14:12,052 - BasePage - INFO - Had find the element [  ] successful by xpath via value: .//*[@id='admin']/div/div/div[2]/div/div[2]/div/form/div[1]/div/div[1]/input 
2018-09-30 14:14:12,252 - BasePage - INFO - 输入内容：Had type [ %s ] in inputBox" % text
2018-09-30 14:14:12,301 - BasePage - INFO - Had find the element [  ] successful by xpath via value: .//*[@id='admin']/div/div/div[2]/div/div[2]/div/form/div[2]/div/div/input 
2018-09-30 14:14:12,430 - BasePage - INFO - 输入内容：Had type [ %s ] in inputBox" % text
2018-09-30 14:14:12,472 - BasePage - INFO - Had find the element [ 登录 ] successful by xpath via value: .//*[@id='admin']/div/div/div[2]/div/div[2]/div/button 
2018-09-30 14:14:12,982 - BasePage - INFO - 截图：Had take a screenshot and save to folder：/screenshots/
2018-09-30 14:14:14,982 - BasePage - INFO - Sleep for 2 seconds
2018-09-30 14:14:15,007 - BasePage - INFO - Had find the element [  ] successful by xpath via value: .//*[@id='admin']/div/div/div[2]/div/div[2]/div/form/div[1]/div/div[1]/input 
2018-09-30 14:14:15,110 - BasePage - INFO - 输入内容：Had type [ %s ] in inputBox" % text
2018-09-30 14:14:15,135 - BasePage - INFO - Had find the element [  ] successful by xpath via value: .//*[@id='admin']/div/div/div[2]/div/div[2]/div/form/div[2]/div/div/input 
2018-09-30 14:14:15,245 - BasePage - INFO - 输入内容：Had type [ %s ] in inputBox" % text
2018-09-30 14:14:15,273 - BasePage - INFO - Had find the element [ 登录 ] successful by xpath via value: .//*[@id='admin']/div/div/div[2]/div/div[2]/div/button 
2018-09-30 14:14:15,611 - BasePage - INFO - 截图：Had take a screenshot and save to folder：/screenshots/
2018-09-30 14:14:17,613 - BasePage - INFO - Sleep for 2 seconds
2018-09-30 14:14:17,630 - BasePage - INFO - Had find the element [  ] successful by xpath via value: .//*[@id='admin']/div/div/div[2]/div/div[2]/div/form/div[1]/div/div[1]/input 
2018-09-30 14:14:17,727 - BasePage - INFO - 输入内容：Had type [ %s ] in inputBox" % text
2018-09-30 14:14:17,750 - BasePage - INFO - Had find the element [  ] successful by xpath via value: .//*[@id='admin']/div/div/div[2]/div/div[2]/div/form/div[2]/div/div/input 
2018-09-30 14:14:17,833 - BasePage - INFO - 输入内容：Had type [ %s ] in inputBox" % text
2018-09-30 14:14:17,859 - BasePage - INFO - Had find the element [ 登录 ] successful by xpath via value: .//*[@id='admin']/div/div/div[2]/div/div[2]/div/button 
2018-09-30 14:14:18,217 - BasePage - INFO - 截图：Had take a screenshot and save to folder：/screenshots/
2018-09-30 14:14:20,217 - BasePage - INFO - Sleep for 2 seconds
2018-09-30 14:14:20,237 - BasePage - INFO - Had find the element [  ] successful by xpath via value: .//*[@id='admin']/div/div/div[2]/div/div[2]/div/form/div[1]/div/div[1]/input 
2018-09-30 14:14:20,342 - BasePage - INFO - 输入内容：Had type [ %s ] in inputBox" % text
2018-09-30 14:14:20,360 - BasePage - INFO - Had find the element [  ] successful by xpath via value: .//*[@id='admin']/div/div/div[2]/div/div[2]/div/form/div[2]/div/div/input 
2018-09-30 14:14:20,445 - BasePage - INFO - 输入内容：Had type [ %s ] in inputBox" % text
2018-09-30 14:14:20,468 - BasePage - INFO - Had find the element [ 登录 ] successful by xpath via value: .//*[@id='admin']/div/div/div[2]/div/div[2]/div/button 
2018-09-30 14:14:20,816 - BasePage - INFO - 截图：Had take a screenshot and save to folder：/screenshots/
2018-09-30 14:14:22,817 - BasePage - INFO - Sleep for 2 seconds
2018-09-30 14:14:25,949 - BrowserEngine - INFO - You had select Chrome browser.
2018-09-30 14:14:25,950 - BrowserEngine - INFO - The test server url is: http://newadmin.test.cloudh.net.cn/#/login
2018-09-30 14:14:31,525 - BrowserEngine - INFO - Starting Chrome browser
2018-09-30 14:14:32,648 - BrowserEngine - INFO - Maximize the current window
2018-09-30 14:14:34,268 - BrowserEngine - INFO - Open url:http://newadmin.test.cloudh.net.cn/#/login
2018-09-30 14:14:34,270 - BrowserEngine - INFO - Set implicitily wait 10 seconds.
2018-09-30 14:14:34,321 - BasePage - INFO - Had find the element [  ] successful by xpath via value: .//*[@id='admin']/div/div/div[2]/div/div[2]/div/form/div[1]/div/div[1]/input 
2018-09-30 14:14:34,472 - BasePage - INFO - 输入内容：Had type [ %s ] in inputBox" % text
2018-09-30 14:14:34,520 - BasePage - INFO - Had find the element [  ] successful by xpath via value: .//*[@id='admin']/div/div/div[2]/div/div[2]/div/form/div[2]/div/div/input 
2018-09-30 14:14:34,639 - BasePage - INFO - 输入内容：Had type [ %s ] in inputBox" % text
2018-09-30 14:14:34,686 - BasePage - INFO - Had find the element [ 登录 ] successful by xpath via value: .//*[@id='admin']/div/div/div[2]/div/div[2]/div/button 
2018-09-30 14:14:35,312 - BasePage - INFO - 截图：Had take a screenshot and save to folder：/screenshots/
2018-09-30 14:14:37,314 - BasePage - INFO - Sleep for 2 seconds
2018-09-30 14:14:37,370 - BasePage - INFO - Had find the element [  ] successful by xpath via value: .//*[@id='admin']/div/div/div[2]/div/div[2]/div/form/div[1]/div/div[1]/input 
2018-09-30 14:14:37,472 - BasePage - INFO - 输入内容：Had type [ %s ] in inputBox" % text
2018-09-30 14:14:37,495 - BasePage - INFO - Had find the element [  ] successful by xpath via value: .//*[@id='admin']/div/div/div[2]/div/div[2]/div/form/div[2]/div/div/input 
2018-09-30 14:14:37,597 - BasePage - INFO - 输入内容：Had type [ %s ] in inputBox" % text
2018-09-30 14:14:37,618 - BasePage - INFO - Had find the element [ 登录 ] successful by xpath via value: .//*[@id='admin']/div/div/div[2]/div/div[2]/div/button 
2018-09-30 14:14:37,951 - BasePage - INFO - 截图：Had take a screenshot and save to folder：/screenshots/
2018-09-30 14:14:39,953 - BasePage - INFO - Sleep for 2 seconds
2018-09-30 14:14:40,011 - BasePage - INFO - Had find the element [  ] successful by xpath via value: .//*[@id='admin']/div/div/div[2]/div/div[2]/div/form/div[1]/div/div[1]/input 
2018-09-30 14:14:40,122 - BasePage - INFO - 输入内容：Had type [ %s ] in inputBox" % text
2018-09-30 14:14:40,141 - BasePage - INFO - Had find the element [  ] successful by xpath via value: .//*[@id='admin']/div/div/div[2]/div/div[2]/div/form/div[2]/div/div/input 
2018-09-30 14:14:40,230 - BasePage - INFO - 输入内容：Had type [ %s ] in inputBox" % text
2018-09-30 14:14:40,262 - BasePage - INFO - Had find the element [ 登录 ] successful by xpath via value: .//*[@id='admin']/div/div/div[2]/div/div[2]/div/button 
2018-09-30 14:14:40,594 - BasePage - INFO - 截图：Had take a screenshot and save to folder：/screenshots/
2018-09-30 14:14:42,594 - BasePage - INFO - Sleep for 2 seconds
2018-09-30 14:14:42,614 - BasePage - INFO - Had find the element [  ] successful by xpath via value: .//*[@id='admin']/div/div/div[2]/div/div[2]/div/form/div[1]/div/div[1]/input 
2018-09-30 14:14:42,697 - BasePage - INFO - 输入内容：Had type [ %s ] in inputBox" % text
2018-09-30 14:14:42,718 - BasePage - INFO - Had find the element [  ] successful by xpath via value: .//*[@id='admin']/div/div/div[2]/div/div[2]/div/form/div[2]/div/div/input 
2018-09-30 14:14:42,814 - BasePage - INFO - 输入内容：Had type [ %s ] in inputBox" % text
2018-09-30 14:14:42,835 - BasePage - INFO - Had find the element [ 登录 ] successful by xpath via value: .//*[@id='admin']/div/div/div[2]/div/div[2]/div/button 
2018-09-30 14:14:43,163 - BasePage - INFO - 截图：Had take a screenshot and save to folder：/screenshots/
2018-09-30 14:14:45,163 - BasePage - INFO - Sleep for 2 seconds
