2018-10-19 16:37:58,845 - BrowserEngine - INFO - You had select Chrome browser.
2018-10-19 16:37:58,845 - BrowserEngine - INFO - The test server url is: http://newadmin.dev.cloudh.net.cn/#/login
2018-10-19 16:38:04,068 - BrowserEngine - INFO - Starting Chrome browser
2018-10-19 16:38:05,201 - BrowserEngine - INFO - Maximize the current window
2018-10-19 16:38:13,253 - BrowserEngine - INFO - Open url:http://newadmin.dev.cloudh.net.cn/#/login
2018-10-19 16:38:13,258 - BrowserEngine - INFO - Set implicitily wait 10 seconds.
2018-10-19 16:38:13,389 - BasePage - INFO - Had find the element [  ] successful by xpath via value: .//*[@id='app']/div/div/div[2]/div/div[2]/div/form/div[1]/div/div/input 
2018-10-19 16:38:13,851 - BasePage - INFO - 输入内容：Had type [ adminer ] in inputBox
2018-10-19 16:38:13,921 - BasePage - INFO - Had find the element [  ] successful by xpath via value: .//*[@id='app']/div/div/div[2]/div/div[2]/div/form/div[2]/div/div/input 
2018-10-19 16:38:14,167 - BasePage - INFO - 输入内容：Had type [ 123456 ] in inputBox
2018-10-19 16:38:14,245 - BasePage - INFO - Had find the element [ 登录 ] successful by xpath via value: .//*[@id='app']/div/div/div[2]/div/div[2]/div/button 
2018-10-19 16:38:15,933 - BasePage - INFO - Had find the element [ adminer ] successful by xpath via value: .//*[@id='app']/div/header/div[2]/span/div[2]/span 
2018-10-19 16:38:40,046 - BasePage - ERROR - NoSuchElementException:Message: no such element: Unable to locate element: {"method":"xpath","selector":".//*[@id='admin']/div/header/div[2]/span/div/span"}
  (Session info: chrome=69.0.3497.100)
  (Driver info: chromedriver=2.36.540470 (e522d04694c7ebea4ba8821272dbef4f9b818c91),platform=Windows NT 10.0.16299 x86_64)

2018-10-19 16:38:40,334 - BasePage - INFO - 截图：Had take a screenshot and save to folder：/screenshots/
2018-10-19 16:38:44,272 - BrowserEngine - INFO - You had select Chrome browser.
2018-10-19 16:38:44,279 - BrowserEngine - INFO - The test server url is: http://newadmin.dev.cloudh.net.cn/#/login
2018-10-19 16:38:49,706 - BrowserEngine - INFO - Starting Chrome browser
2018-10-19 16:38:50,890 - BrowserEngine - INFO - Maximize the current window
2018-10-19 16:38:55,834 - BrowserEngine - INFO - Open url:http://newadmin.dev.cloudh.net.cn/#/login
2018-10-19 16:38:55,853 - BrowserEngine - INFO - Set implicitily wait 10 seconds.
2018-10-19 16:38:55,989 - BasePage - INFO - Had find the element [  ] successful by xpath via value: .//*[@id='app']/div/div/div[2]/div/div[2]/div/form/div[1]/div/div/input 
2018-10-19 16:38:56,326 - BasePage - INFO - 输入内容：Had type [ adminer ] in inputBox
2018-10-19 16:38:56,427 - BasePage - INFO - Had find the element [  ] successful by xpath via value: .//*[@id='app']/div/div/div[2]/div/div[2]/div/form/div[2]/div/div/input 
2018-10-19 16:38:56,689 - BasePage - INFO - 输入内容：Had type [ 123456 ] in inputBox
2018-10-19 16:38:56,763 - BasePage - INFO - Had find the element [ 登录 ] successful by xpath via value: .//*[@id='app']/div/div/div[2]/div/div[2]/div/button 
2018-10-19 16:38:57,611 - BasePage - INFO - Had find the element [ adminer ] successful by xpath via value: .//*[@id='app']/div/header/div[2]/span/div[2]/span 
2018-10-19 16:39:21,720 - BasePage - ERROR - NoSuchElementException:Message: no such element: Unable to locate element: {"method":"xpath","selector":".//*[@id='admin']/div/header/div[2]/span/div/span"}
  (Session info: chrome=69.0.3497.100)
  (Driver info: chromedriver=2.36.540470 (e522d04694c7ebea4ba8821272dbef4f9b818c91),platform=Windows NT 10.0.16299 x86_64)

2018-10-19 16:39:22,026 - BasePage - INFO - 截图：Had take a screenshot and save to folder：/screenshots/
